<?xml version="1.0" encoding="UTF-8"?>
<!-- Generated by org.testng.reporters.JUnitReportReporter -->
<testsuite skipped="0" hostname="dell" name="Sample.Day1" tests="6" failures="0" timestamp="2020-05-06T01:05:39 IST" time="49.542" errors="0">
  <testcase name="test4" time="31.642" classname="Sample.Day1"/>
  <system-out/>
  <testcase name="test1" time="2.863" classname="Sample.Day1"/>
  <system-out/>
  <testcase name="test2" time="3.586" classname="Sample.Day1"/>
  <system-out/>
  <testcase name="test0" time="3.185" classname="Sample.Day1"/>
  <system-out/>
  <testcase name="test" time="4.359" classname="Sample.Day1"/>
  <system-out/>
  <testcase name="test3" time="3.907" classname="Sample.Day1"/>
  <system-out/>
</testsuite> <!-- Sample.Day1 -->
